SF:src/molalchemy/__init__.py
end_of_record
SF:src/molalchemy/base.py
end_of_record
SF:src/molalchemy/bingo/__init__.py
DA:1,1
DA:2,1
DA:3,1
DA:4,1
DA:6,1
LF:5
LH:5
end_of_record
SF:src/molalchemy/bingo/comparators.py
DA:3,1
DA:4,1
DA:7,1
DA:15,1
DA:16,0
DA:18,1
DA:38,1
DA:40,1
DA:60,1
DA:62,1
DA:82,1
DA:85,1
DA:93,1
DA:113,0
DA:115,1
DA:135,0
DA:137,1
DA:157,0
LF:18
LH:14
FN:15,16,BingoMolComparator.__eq__
FNDA:0,BingoMolComparator.__eq__
FN:18,38,BingoMolComparator.has_substructure
FNDA:1,BingoMolComparator.has_substructure
FN:40,60,BingoMolComparator.has_smarts
FNDA:1,BingoMolComparator.has_smarts
FN:62,82,BingoMolComparator.equals
FNDA:1,BingoMolComparator.equals
FN:93,113,BingoRxnComparator.has_substructure
FNDA:0,BingoRxnComparator.has_substructure
FN:115,135,BingoRxnComparator.has_smarts
FNDA:0,BingoRxnComparator.has_smarts
FN:137,157,BingoRxnComparator.equals
FNDA:0,BingoRxnComparator.equals
FNF:7
FNH:3
end_of_record
SF:src/molalchemy/bingo/functions.py
DA:1,1
DA:2,1
DA:3,1
DA:4,1
DA:5,1
DA:7,1
DA:8,1
DA:11,1
DA:20,1
DA:21,1
DA:47,1
DA:49,1
DA:50,1
DA:75,1
DA:77,1
DA:78,1
DA:104,1
DA:106,1
DA:107,1
DA:143,1
DA:147,1
DA:148,1
DA:171,0
DA:173,1
DA:174,1
DA:200,0
DA:202,1
DA:203,1
DA:225,0
DA:227,1
DA:228,1
DA:250,0
DA:252,1
DA:253,1
DA:275,0
DA:277,1
DA:278,1
DA:300,0
DA:302,1
DA:303,1
DA:325,0
DA:327,1
DA:328,1
DA:355,0
DA:357,1
DA:358,1
DA:380,1
DA:382,1
DA:383,1
DA:405,0
DA:407,1
DA:408,1
DA:430,0
DA:433,1
DA:442,1
DA:443,1
DA:468,0
DA:470,1
DA:471,1
DA:498,0
DA:500,1
DA:501,1
DA:528,0
DA:530,1
DA:531,1
DA:558,0
DA:560,1
DA:561,1
DA:583,0
DA:585,1
DA:586,1
DA:608,0
DA:610,1
DA:611,1
DA:633,0
DA:635,1
DA:636,1
DA:666,0
LF:78
LH:60
FN:21,47,bingo_func.has_substructure
FNDA:1,bingo_func.has_substructure
FN:50,75,bingo_func.matches_smarts
FNDA:1,bingo_func.matches_smarts
FN:78,104,bingo_func.equals
FNDA:1,bingo_func.equals
FN:107,145,bingo_func.similarity
FNDA:1,bingo_func.similarity
FN:148,171,bingo_func.has_gross_formula
FNDA:0,bingo_func.has_gross_formula
FN:174,200,bingo_func.get_weight
FNDA:0,bingo_func.get_weight
FN:203,225,bingo_func.gross_formula
FNDA:0,bingo_func.gross_formula
FN:228,250,bingo_func.check_molecule
FNDA:0,bingo_func.check_molecule
FN:253,275,bingo_func.to_canonical
FNDA:0,bingo_func.to_canonical
FN:278,300,bingo_func.to_inchi
FNDA:0,bingo_func.to_inchi
FN:303,325,bingo_func.to_inchikey
FNDA:0,bingo_func.to_inchikey
FN:328,355,bingo_func.to_binary
FNDA:0,bingo_func.to_binary
FN:358,380,bingo_func.to_smiles
FNDA:1,bingo_func.to_smiles
FN:383,405,bingo_func.to_molfile
FNDA:0,bingo_func.to_molfile
FN:408,430,bingo_func.to_cml
FNDA:0,bingo_func.to_cml
FN:443,468,bingo_rxn_func.equals
FNDA:0,bingo_rxn_func.equals
FN:471,498,bingo_rxn_func.has_reaction_smarts
FNDA:0,bingo_rxn_func.has_reaction_smarts
FN:501,528,bingo_rxn_func.has_reaction_substructure
FNDA:0,bingo_rxn_func.has_reaction_substructure
FN:531,558,bingo_rxn_func.to_binary
FNDA:0,bingo_rxn_func.to_binary
FN:561,583,bingo_rxn_func.to_smiles
FNDA:0,bingo_rxn_func.to_smiles
FN:586,608,bingo_rxn_func.to_rxnfile
FNDA:0,bingo_rxn_func.to_rxnfile
FN:611,633,bingo_rxn_func.to_cml
FNDA:0,bingo_rxn_func.to_cml
FN:636,666,bingo_rxn_func.map_atoms
FNDA:0,bingo_rxn_func.map_atoms
FNF:23
FNH:5
end_of_record
SF:src/molalchemy/bingo/index.py
DA:8,1
DA:20,1
DA:64,1
DA:65,1
DA:73,1
DA:118,1
DA:119,1
DA:127,1
DA:172,1
DA:173,0
DA:181,1
DA:226,1
DA:227,0
LF:13
LH:11
FN:64,70,BingoMolIndex.__init__
FNDA:1,BingoMolIndex.__init__
FN:118,124,BingoBinaryMolIndex.__init__
FNDA:1,BingoBinaryMolIndex.__init__
FN:172,178,BingoRxnIndex.__init__
FNDA:0,BingoRxnIndex.__init__
FN:226,232,BingoBinaryRxnIndex.__init__
FNDA:0,BingoBinaryRxnIndex.__init__
FNF:4
FNH:2
end_of_record
SF:src/molalchemy/bingo/proxy.py
DA:13,1
DA:21,1
DA:22,1
DA:41,0
DA:43,1
DA:44,1
DA:63,0
DA:65,1
DA:66,1
DA:85,0
DA:88,1
DA:96,1
DA:97,1
DA:116,0
DA:118,1
DA:119,1
DA:138,0
DA:140,1
DA:141,1
DA:160,0
LF:20
LH:14
FN:22,41,BingoMolProxy.has_substructure
FNDA:0,BingoMolProxy.has_substructure
FN:44,63,BingoMolProxy.has_smarts
FNDA:0,BingoMolProxy.has_smarts
FN:66,85,BingoMolProxy.equals
FNDA:0,BingoMolProxy.equals
FN:97,116,BingoRxnProxy.has_substructure
FNDA:0,BingoRxnProxy.has_substructure
FN:119,138,BingoRxnProxy.has_smarts
FNDA:0,BingoRxnProxy.has_smarts
FN:141,160,BingoRxnProxy.equals
FNDA:0,BingoRxnProxy.equals
FNF:6
FNH:0
end_of_record
SF:src/molalchemy/bingo/types.py
DA:7,1
DA:8,1
DA:9,1
DA:10,1
DA:13,1
DA:52,1
DA:53,1
DA:55,1
DA:63,1
DA:66,1
DA:123,1
DA:124,1
DA:126,1
DA:149,1
DA:150,1
DA:151,1
DA:153,1
DA:161,1
DA:163,1
DA:176,0
DA:178,1
DA:196,1
DA:197,1
DA:198,0
DA:199,0
DA:200,0
DA:201,0
DA:202,0
DA:203,0
DA:205,0
DA:210,1
DA:260,1
DA:261,1
DA:263,1
DA:271,0
DA:274,1
DA:322,1
DA:323,1
DA:325,1
DA:333,0
LF:40
LH:30
FN:55,63,BingoMol.get_col_spec
FNDA:1,BingoMol.get_col_spec
FN:126,151,BingoBinaryMol.__init__
FNDA:1,BingoBinaryMol.__init__
FN:153,161,BingoBinaryMol.get_col_spec
FNDA:1,BingoBinaryMol.get_col_spec
FN:163,176,BingoBinaryMol.bind_expression
FNDA:0,BingoBinaryMol.bind_expression
FN:178,207,BingoBinaryMol.column_expression
FNDA:1,BingoBinaryMol.column_expression
FN:263,271,BingoReaction.get_col_spec
FNDA:0,BingoReaction.get_col_spec
FN:325,333,BingoBinaryReaction.get_col_spec
FNDA:0,BingoBinaryReaction.get_col_spec
FNF:7
FNH:4
end_of_record
SF:src/molalchemy/helpers.py
DA:1,1
DA:7,1
DA:8,1
DA:9,1
DA:12,1
DA:38,1
DA:39,1
DA:40,1
DA:42,1
DA:44,1
DA:49,1
DA:75,1
DA:76,1
DA:79,0
DA:81,1
DA:85,1
LF:16
LH:15
FN:12,46,bingo_col
FNDA:1,bingo_col
FN:49,87,bingo_rxn_col
FNDA:1,bingo_rxn_col
FNF:2
FNH:2
end_of_record
SF:src/molalchemy/rdkit/__init__.py
DA:1,1
DA:7,1
DA:8,1
DA:9,1
DA:11,1
LF:5
LH:5
end_of_record
SF:src/molalchemy/rdkit/comparators.py
DA:1,1
DA:2,1
DA:5,1
DA:6,1
DA:7,1
DA:9,1
DA:10,1
DA:13,1
DA:14,1
DA:15,1
DA:16,1
DA:18,1
DA:20,1
DA:25,1
LF:14
LH:14
FN:6,7,RdkitMolComparator.has_substructure
FNDA:1,RdkitMolComparator.has_substructure
FN:9,10,RdkitMolComparator.equals
FNDA:1,RdkitMolComparator.equals
FN:14,18,RdkitFPComparator.nearest_neighbors
FNDA:1,RdkitFPComparator.nearest_neighbors
FN:20,25,RdkitFPComparator.dice
FNDA:1,RdkitFPComparator.dice
FNF:4
FNH:4
end_of_record
SF:src/molalchemy/rdkit/functions.py
DA:1,1
DA:2,1
DA:3,1
DA:5,1
DA:6,1
DA:7,1
DA:8,1
DA:10,1
DA:11,1
DA:12,1
DA:14,1
DA:15,1
DA:16,1
DA:18,1
DA:19,1
DA:20,1
DA:22,1
DA:23,1
DA:24,1
DA:26,1
DA:27,1
DA:28,1
DA:31,1
DA:32,1
DA:33,1
DA:34,0
DA:35,1
DA:36,1
DA:37,0
LF:29
LH:27
FN:7,8,rdkit_func.equals
FNDA:1,rdkit_func.equals
FN:11,12,rdkit_func.has_substructure
FNDA:1,rdkit_func.has_substructure
FN:15,16,rdkit_func.to_binary
FNDA:1,rdkit_func.to_binary
FN:19,20,rdkit_func.mol_from_smiles
FNDA:1,rdkit_func.mol_from_smiles
FN:23,24,rdkit_func.maccs_fp
FNDA:1,rdkit_func.maccs_fp
FN:27,28,rdkit_func.tanimoto
FNDA:1,rdkit_func.tanimoto
FN:33,34,rdkit_rxn_func.reaction_from_smarts
FNDA:0,rdkit_rxn_func.reaction_from_smarts
FN:36,37,rdkit_rxn_func.has_smarts
FNDA:0,rdkit_rxn_func.has_smarts
FNF:8
FNH:6
end_of_record
SF:src/molalchemy/rdkit/index.py
DA:1,1
DA:4,1
DA:21,1
DA:22,1
DA:23,1
LF:5
LH:5
FN:21,23,RdkitIndex.__init__
FNDA:1,RdkitIndex.__init__
FNF:1
FNH:1
end_of_record
SF:src/molalchemy/rdkit/types.py
DA:1,1
DA:2,1
DA:3,1
DA:4,1
DA:7,1
DA:8,1
DA:9,1
DA:11,1
DA:12,1
DA:14,1
DA:16,1
DA:17,1
DA:18,1
DA:20,1
DA:22,1
DA:23,0
DA:24,1
DA:25,0
DA:27,1
DA:31,1
DA:32,0
DA:34,0
DA:35,0
DA:36,0
DA:37,0
DA:38,0
DA:40,0
DA:41,0
DA:44,0
DA:45,0
DA:46,0
DA:48,0
DA:51,1
DA:52,1
DA:53,1
DA:55,1
DA:56,1
DA:58,1
DA:61,1
DA:62,1
DA:63,1
DA:65,1
DA:66,1
DA:68,1
DA:71,1
DA:72,1
DA:73,1
DA:75,1
DA:76,1
DA:78,1
DA:80,1
DA:81,1
DA:82,1
DA:84,1
DA:86,0
DA:87,0
DA:88,0
DA:89,0
DA:91,0
DA:93,1
DA:94,0
DA:96,0
DA:97,0
DA:98,0
DA:99,0
DA:101,0
DA:102,0
DA:105,0
DA:106,0
DA:107,0
DA:109,0
LF:71
LH:41
FN:11,12,RdkitMol.get_col_spec
FNDA:1,RdkitMol.get_col_spec
FN:16,18,RdkitMol.__init__
FNDA:1,RdkitMol.__init__
FN:20,27,RdkitMol.column_expression
FNDA:1,RdkitMol.column_expression
FN:31,48,RdkitMol.process_result_value
FNDA:0,RdkitMol.process_result_value
FN:55,56,RdkitBitFingerprint.get_col_spec
FNDA:1,RdkitBitFingerprint.get_col_spec
FN:65,66,RdkitSparseFingerprint.get_col_spec
FNDA:1,RdkitSparseFingerprint.get_col_spec
FN:75,76,RdkitReaction.get_col_spec
FNDA:1,RdkitReaction.get_col_spec
FN:80,82,RdkitReaction.__init__
FNDA:1,RdkitReaction.__init__
FN:84,91,RdkitReaction.column_expression
FNDA:0,RdkitReaction.column_expression
FN:93,109,RdkitReaction.process_result_value
FNDA:0,RdkitReaction.process_result_value
FNF:10
FNH:7
end_of_record
SF:src/molalchemy/types.py
DA:1,1
DA:4,1
DA:6,1
DA:7,1
DA:9,1
DA:10,1
LF:6
LH:6
FN:9,10,CString.get_col_spec
FNDA:1,CString.get_col_spec
FNF:1
FNH:1
end_of_record
